
> my-v0-project@0.1.0 build C:\aprilitapp\IT-APP
> next build

[baseline-browser-mapping] The data in this module is over two months old.  To ensure accurate Baseline data, please update: `npm i baseline-browser-mapping@latest -D`
   Î“Ă»â–“ Next.js 16.0.10 (Turbopack)
   - Environments: .env.local

   Creating an optimized production build ...
[baseline-browser-mapping] The data in this module is over two months old.  To ensure accurate Baseline data, please update: `npm i baseline-browser-mapping@latest -D`
 Î“ÂŁĂ´ Compiled successfully in 27.9s
   Skipping validation of types
   Collecting page data using 11 workers ...
[baseline-browser-mapping] The data in this module is over two months old.  To ensure accurate Baseline data, please update: `npm i baseline-browser-mapping@latest -D`
[baseline-browser-mapping] The data in this module is over two months old.  To ensure accurate Baseline data, please update: `npm i baseline-browser-mapping@latest -D`
[baseline-browser-mapping] The data in this module is over two months old.  To ensure accurate Baseline data, please update: `npm i baseline-browser-mapping@latest -D`
[baseline-browser-mapping] The data in this module is over two months old.  To ensure accurate Baseline data, please update: `npm i baseline-browser-mapping@latest -D`
[baseline-browser-mapping] The data in this module is over two months old.  To ensure accurate Baseline data, please update: `npm i baseline-browser-mapping@latest -D`
[baseline-browser-mapping] The data in this module is over two months old.  To ensure accurate Baseline data, please update: `npm i baseline-browser-mapping@latest -D`
[baseline-browser-mapping] The data in this module is over two months old.  To ensure accurate Baseline data, please update: `npm i baseline-browser-mapping@latest -D`
[baseline-browser-mapping] The data in this module is over two months old.  To ensure accurate Baseline data, please update: `npm i baseline-browser-mapping@latest -D`
[baseline-browser-mapping] The data in this module is over two months old.  To ensure accurate Baseline data, please update: `npm i baseline-browser-mapping@latest -D`
[baseline-browser-mapping] The data in this module is over two months old.  To ensure accurate Baseline data, please update: `npm i baseline-browser-mapping@latest -D`
[baseline-browser-mapping] The data in this module is over two months old.  To ensure accurate Baseline data, please update: `npm i baseline-browser-mapping@latest -D`
   Generating static pages using 11 workers (0/213) ...
[baseline-browser-mapping] The data in this module is over two months old.  To ensure accurate Baseline data, please update: `npm i baseline-browser-mapping@latest -D`
[baseline-browser-mapping] The data in this module is over two months old.  To ensure accurate Baseline data, please update: `npm i baseline-browser-mapping@latest -D`
[baseline-browser-mapping] The data in this module is over two months old.  To ensure accurate Baseline data, please update: `npm i baseline-browser-mapping@latest -D`
[baseline-browser-mapping] The data in this module is over two months old.  To ensure accurate Baseline data, please update: `npm i baseline-browser-mapping@latest -D`
[baseline-browser-mapping] The data in this module is over two months old.  To ensure accurate Baseline data, please update: `npm i baseline-browser-mapping@latest -D`
[baseline-browser-mapping] The data in this module is over two months old.  To ensure accurate Baseline data, please update: `npm i baseline-browser-mapping@latest -D`
[baseline-browser-mapping] The data in this module is over two months old.  To ensure accurate Baseline data, please update: `npm i baseline-browser-mapping@latest -D`
[baseline-browser-mapping] The data in this module is over two months old.  To ensure accurate Baseline data, please update: `npm i baseline-browser-mapping@latest -D`
[baseline-browser-mapping] The data in this module is over two months old.  To ensure accurate Baseline data, please update: `npm i baseline-browser-mapping@latest -D`
   Generating static pages using 11 workers (53/213) 
   Generating static pages using 11 workers (106/213) 
   Generating static pages using 11 workers (159/213) 
 Î“ÂŁĂ´ Generating static pages using 11 workers (213/213) in 5.7s
   Finalizing page optimization ...

Route (app)
Î“Ă¶Ă® Î“ĂąĂŻ /
Î“Ă¶ÂŁ Î“ĂąĂŻ /_not-found
Î“Ă¶ÂŁ Î“ĂąĂŻ /admin/reset-password-debug
Î“Ă¶ÂŁ â•žĂ† /api/admin/approve-user
Î“Ă¶ÂŁ â•žĂ† /api/admin/auto-link-department-staff
Î“Ă¶ÂŁ â•žĂ† /api/admin/backup-database
Î“Ă¶ÂŁ â•žĂ† /api/admin/create-user
Î“Ă¶ÂŁ â•žĂ† /api/admin/delete-data
Î“Ă¶ÂŁ â•žĂ† /api/admin/delete-user
Î“Ă¶ÂŁ â•žĂ† /api/admin/department-heads
Î“Ă¶ÂŁ â•žĂ† /api/admin/force-reset-password
Î“Ă¶ÂŁ â•žĂ† /api/admin/link-department-staff
Î“Ă¶ÂŁ â•žĂ† /api/admin/lookup-data
Î“Ă¶ÂŁ â•žĂ† /api/admin/pending-users
Î“Ă¶ÂŁ â•žĂ† /api/admin/reject-user
Î“Ă¶ÂŁ â•žĂ† /api/admin/reset-all-approved-passwords
Î“Ă¶ÂŁ â•žĂ† /api/admin/reset-all-passwords
Î“Ă¶ÂŁ â•žĂ† /api/admin/reset-all-passwords-ghana
Î“Ă¶ÂŁ â•žĂ† /api/admin/reset-password
Î“Ă¶ÂŁ â•žĂ† /api/admin/reset-passwords-now
Î“Ă¶ÂŁ â•žĂ† /api/admin/reset-recent-passwords
Î“Ă¶ÂŁ â•žĂ† /api/admin/reset-today-passwords
Î“Ă¶ÂŁ â•žĂ† /api/admin/restore-database
Î“Ă¶ÂŁ â•žĂ† /api/admin/service-providers
Î“Ă¶ÂŁ â•žĂ† /api/admin/set-password-for-user
Î“Ă¶ÂŁ â•žĂ† /api/admin/set-user-password
Î“Ă¶ÂŁ â•žĂ† /api/admin/setup-admin
Î“Ă¶ÂŁ â•žĂ† /api/admin/simulate-login
Î“Ă¶ÂŁ â•žĂ† /api/admin/staff-list
Î“Ă¶ÂŁ â•žĂ† /api/admin/system-settings
Î“Ă¶ÂŁ â•žĂ† /api/admin/test-password
Î“Ă¶ÂŁ â•žĂ† /api/admin/unlink-department-staff
Î“Ă¶ÂŁ â•žĂ† /api/admin/update-user
Î“Ă¶ÂŁ â•žĂ† /api/auth/change-password
Î“Ă¶ÂŁ â•žĂ† /api/auth/login
Î“Ă¶ÂŁ â•žĂ† /api/auth/logout
Î“Ă¶ÂŁ â•žĂ† /api/auth/register
Î“Ă¶ÂŁ â•žĂ† /api/auth/test-login
Î“Ă¶ÂŁ â•žĂ† /api/auth/update-profile
Î“Ă¶ÂŁ â•žĂ† /api/dashboard/badge-counts
Î“Ă¶ÂŁ â•žĂ† /api/dashboard/stats
Î“Ă¶ÂŁ â•žĂ† /api/debug/generate-hash
Î“Ă¶ÂŁ â•žĂ† /api/debug/simulate-login-test
Î“Ă¶ÂŁ â•žĂ† /api/debug/test-hash
Î“Ă¶ÂŁ â•žĂ† /api/debug/test-login
Î“Ă¶ÂŁ â•žĂ† /api/debug/verify-joseph-hash
Î“Ă¶ÂŁ â•žĂ† /api/devices
Î“Ă¶ÂŁ â•žĂ† /api/devices/assign-to-staff
Î“Ă¶ÂŁ â•žĂ† /api/devices/bulk-import
Î“Ă¶ÂŁ â•žĂ† /api/devices/by-location
Î“Ă¶ÂŁ â•žĂ† /api/devices/delete
Î“Ă¶ÂŁ â•žĂ† /api/devices/department-devices
Î“Ă¶ÂŁ â•žĂ† /api/devices/duplicates
Î“Ă¶ÂŁ â•žĂ† /api/devices/location-summary
Î“Ă¶ÂŁ â•žĂ† /api/devices/reallocate-locations
Î“Ă¶ÂŁ â•žĂ† /api/devices/summary-report
Î“Ă¶ÂŁ â•žĂ† /api/devices/under-repair
Î“Ă¶ÂŁ â•žĂ† /api/devices/update-device
Î“Ă¶ÂŁ â•žĂ† /api/devices/user-allocation-summary
Î“Ă¶ÂŁ â•žĂ† /api/devices/validate-location
Î“Ă¶ÂŁ â•žĂ† /api/investigate-vr
Î“Ă¶ÂŁ â•žĂ† /api/it-forms/approve
Î“Ă¶ÂŁ â•žĂ† /api/it-forms/department-head-approve
Î“Ă¶ÂŁ â•žĂ† /api/it-forms/department-head-requisitions
Î“Ă¶ÂŁ â•žĂ† /api/it-forms/hod-approval-tracker
Î“Ă¶ÂŁ â•žĂ† /api/it-forms/issue
Î“Ă¶ÂŁ â•žĂ† /api/it-forms/it-head-approve
Î“Ă¶ÂŁ â•žĂ† /api/it-forms/maintenance-repairs
Î“Ă¶ÂŁ â•žĂ† /api/it-forms/my-requisitions
Î“Ă¶ÂŁ â•žĂ† /api/it-forms/new-gadget
Î“Ă¶ÂŁ â•žĂ† /api/it-forms/requisitions
Î“Ă¶ÂŁ â•žĂ† /api/it-forms/service-desk-process
Î“Ă¶ÂŁ â•žĂ† /api/it-forms/store-issue
Î“Ă¶ÂŁ â•žĂ† /api/knowledge-base
Î“Ă¶ÂŁ â•žĂ† /api/locations
Î“Ă¶ÂŁ â•žĂ† /api/notifications
Î“Ă¶ÂŁ â•žĂ† /api/pdf-uploads
Î“Ă¶ÂŁ â•žĂ† /api/pdf-uploads/admin-confirm
Î“Ă¶ÂŁ â•žĂ† /api/pdf-uploads/audit-trail
Î“Ă¶ÂŁ â•žĂ† /api/pdf-uploads/confirm
Î“Ă¶ÂŁ â•žĂ† /api/pdf-uploads/history
Î“Ă¶ÂŁ â•žĂ† /api/pdf-uploads/restore
Î“Ă¶ÂŁ â•žĂ† /api/profile/update
Î“Ă¶ÂŁ â•žĂ† /api/regional-needs-analysis
Î“Ă¶ÂŁ â•žĂ† /api/repairs
Î“Ă¶ÂŁ â•žĂ† /api/repairs/all-repairs
Î“Ă¶ÂŁ â•žĂ† /api/repairs/confirm-status
Î“Ă¶ÂŁ â•žĂ† /api/repairs/create
Î“Ă¶ÂŁ â•žĂ† /api/repairs/delete
Î“Ă¶ÂŁ â•žĂ† /api/repairs/invoice
Î“Ă¶ÂŁ â•žĂ† /api/repairs/invoice/approve
Î“Ă¶ÂŁ â•žĂ† /api/repairs/invoices
Î“Ă¶ÂŁ â•žĂ† /api/repairs/regional-repairs
Î“Ă¶ÂŁ â•žĂ† /api/repairs/service-desk-requests
Î“Ă¶ÂŁ â•žĂ† /api/repairs/service-provider/all-available
Î“Ă¶ÂŁ â•žĂ† /api/repairs/service-provider/my-devices
Î“Ă¶ÂŁ â•žĂ† /api/repairs/service-provider/self-assign
Î“Ă¶ÂŁ â•žĂ† /api/repairs/tasks
Î“Ă¶ÂŁ â•žĂ† /api/repairs/update
Î“Ă¶ÂŁ â•žĂ† /api/send-email
Î“Ă¶ÂŁ â•žĂ† /api/service-providers
Î“Ă¶ÂŁ â•žĂ† /api/service-tickets
Î“Ă¶ÂŁ â•žĂ† /api/service-tickets/assign
Î“Ă¶ÂŁ â•žĂ† /api/service-tickets/complete
Î“Ă¶ÂŁ â•žĂ† /api/service-tickets/confirm-all
Î“Ă¶ÂŁ â•žĂ† /api/service-tickets/delayed-alerts
Î“Ă¶ÂŁ â•žĂ† /api/service-tickets/delete
Î“Ă¶ÂŁ â•žĂ† /api/service-tickets/escalate
Î“Ă¶ÂŁ â•žĂ† /api/service-tickets/hold
Î“Ă¶ÂŁ â•žĂ† /api/service-tickets/message
Î“Ă¶ÂŁ â•žĂ† /api/service-tickets/notify
Î“Ă¶ÂŁ â•žĂ† /api/service-tickets/reassign
Î“Ă¶ÂŁ â•žĂ† /api/service-tickets/update
Î“Ă¶ÂŁ â•žĂ† /api/staff-members
Î“Ă¶ÂŁ â•žĂ† /api/staff/department-members
Î“Ă¶ÂŁ â•žĂ† /api/staff/list
Î“Ă¶ÂŁ â•žĂ† /api/staff/my-productivity
Î“Ă¶ÂŁ â•žĂ† /api/staff/productivity-metrics
Î“Ă¶ÂŁ â•žĂ† /api/store/add-stock
Î“Ă¶ÂŁ â•žĂ† /api/store/all-transactions
Î“Ă¶ÂŁ â•žĂ† /api/store/allocate-requisition
Î“Ă¶ÂŁ â•žĂ† /api/store/analytics
Î“Ă¶ÂŁ â•žĂ† /api/store/approve-requisition
Î“Ă¶ÂŁ â•žĂ† /api/store/assign-item
Î“Ă¶ÂŁ â•žĂ† /api/store/assign-stock
Î“Ă¶ÂŁ â•žĂ† /api/store/assignments
Î“Ă¶ÂŁ â•žĂ† /api/store/auto-approve-requisition
Î“Ă¶ÂŁ â•žĂ† /api/store/categories
Î“Ă¶ÂŁ â•žĂ† /api/store/delete-item
Î“Ă¶ÂŁ â•žĂ† /api/store/delete-requisition
Î“Ă¶ÂŁ â•žĂ† /api/store/delete-transaction
Î“Ă¶ÂŁ â•žĂ† /api/store/edit-requisition
Î“Ă¶ÂŁ â•žĂ† /api/store/force-delete-item
Î“Ă¶ÂŁ â•žĂ† /api/store/inventory-analytics
Î“Ă¶ÂŁ â•žĂ† /api/store/issue-requisition
Î“Ă¶ÂŁ â•žĂ† /api/store/item-history
Î“Ă¶ÂŁ â•žĂ† /api/store/items
Î“Ă¶ÂŁ â•žĂ† /api/store/merge-items
Î“Ă¶ÂŁ â•žĂ† /api/store/regional-requisitions
Î“Ă¶ÂŁ â•žĂ† /api/store/requisitions
Î“Ă¶ÂŁ â•žĂ† /api/store/stock-additions
Î“Ă¶ÂŁ â•žĂ† /api/store/stock-balance-report
Î“Ă¶ÂŁ â•žĂ† /api/store/stock-items
Î“Ă¶ÂŁ â•žĂ† /api/store/stock-transfer-requests
Î“Ă¶ÂŁ â•žĂ† /api/store/summary-report
Î“Ă¶ÂŁ â•žĂ† /api/store/transactions
Î“Ă¶ÂŁ â•žĂ† /api/store/transfer-central-stores
Î“Ă¶ÂŁ â•žĂ† /api/store/transfer-item
Î“Ă¶ÂŁ â•žĂ† /api/store/update-assignment
Î“Ă¶ÂŁ â•žĂ† /api/store/update-item
Î“Ă¶ÂŁ â•žĂ† /api/store/update-requisition
Î“Ă¶ÂŁ â•žĂ† /api/users
Î“Ă¶ÂŁ â•žĂ† /api/users/create
Î“Ă¶ÂŁ â•žĂ† /api/users/list
Î“Ă¶ÂŁ Î“ĂąĂŻ /create-account
Î“Ă¶ÂŁ Î“ĂąĂŻ /dashboard
Î“Ă¶ÂŁ Î“ĂąĂŻ /dashboard/admin
Î“Ă¶ÂŁ Î“ĂąĂŻ /dashboard/admin/department-heads
Î“Ă¶ÂŁ Î“ĂąĂŻ /dashboard/admin/invoices
Î“Ă¶ÂŁ Î“ĂąĂŻ /dashboard/admin/password-reset
Î“Ă¶ÂŁ Î“ĂąĂŻ /dashboard/analytics
Î“Ă¶ÂŁ Î“ĂąĂŻ /dashboard/assign-it-devices
Î“Ă¶ÂŁ Î“ĂąĂŻ /dashboard/assign-stock
Î“Ă¶ÂŁ Î“ĂąĂŻ /dashboard/assigned-repairs
Î“Ă¶ÂŁ Î“ĂąĂŻ /dashboard/assigned-tasks
Î“Ă¶ÂŁ Î“ĂąĂŻ /dashboard/broadcast-notifications
Î“Ă¶ÂŁ Î“ĂąĂŻ /dashboard/complaints
Î“Ă¶ÂŁ Î“ĂąĂŻ /dashboard/department-head
Î“Ă¶ÂŁ Î“ĂąĂŻ /dashboard/device-summary-report
Î“Ă¶ÂŁ Î“ĂąĂŻ /dashboard/devices
Î“Ă¶ÂŁ Î“ĂąĂŻ /dashboard/help-guide
Î“Ă¶ÂŁ Î“ĂąĂŻ /dashboard/it-documents
Î“Ă¶ÂŁ Î“ĂąĂŻ /dashboard/it-forms/approvals
Î“Ă¶ÂŁ Î“ĂąĂŻ /dashboard/it-forms/department-head-approvals
Î“Ă¶ÂŁ Î“ĂąĂŻ /dashboard/it-forms/equipment-requisition
Î“Ă¶ÂŁ Î“ĂąĂŻ /dashboard/it-forms/it-head-admin
Î“Ă¶ÂŁ Î“ĂąĂŻ /dashboard/it-forms/maintenance-repairs
Î“Ă¶ÂŁ Î“ĂąĂŻ /dashboard/it-forms/my-requisitions
Î“Ă¶ÂŁ Î“ĂąĂŻ /dashboard/it-forms/new-gadget
Î“Ă¶ÂŁ Î“ĂąĂŻ /dashboard/it-forms/service-desk
Î“Ă¶ÂŁ Î“ĂąĂŻ /dashboard/it-forms/store-issuance
Î“Ă¶ÂŁ Î“ĂąĂŻ /dashboard/it-reports
Î“Ă¶ÂŁ Î“ĂąĂŻ /dashboard/it-staff-status
Î“Ă¶ÂŁ Î“ĂąĂŻ /dashboard/lookup-data
Î“Ă¶ÂŁ Î“ĂąĂŻ /dashboard/notifications
Î“Ă¶ÂŁ Î“ĂąĂŻ /dashboard/regional-needs-analysis
Î“Ă¶ÂŁ Î“ĂąĂŻ /dashboard/regional-store-requisitions
Î“Ă¶ÂŁ Î“ĂąĂŻ /dashboard/repairs
Î“Ă¶ÂŁ Î“ĂąĂŻ /dashboard/repairs/global-tracker
Î“Ă¶ÂŁ Î“ĂąĂŻ /dashboard/repairs/regional
Î“Ă¶ÂŁ Î“ĂąĂŻ /dashboard/service-desk
Î“Ă¶ÂŁ Î“ĂąĂŻ /dashboard/service-provider
Î“Ă¶ÂŁ Î“ĂąĂŻ /dashboard/service-provider/my-repairs
Î“Ă¶ÂŁ Î“ĂąĂŻ /dashboard/settings
Î“Ă¶ÂŁ Î“ĂąĂŻ /dashboard/staff-performance-report
Î“Ă¶ÂŁ Î“ĂąĂŻ /dashboard/stock-transfer-requests
Î“Ă¶ÂŁ Î“ĂąĂŻ /dashboard/store-analytics
Î“Ă¶ÂŁ Î“ĂąĂŻ /dashboard/store-inventory
Î“Ă¶ÂŁ Î“ĂąĂŻ /dashboard/store-overview
Î“Ă¶ÂŁ Î“ĂąĂŻ /dashboard/store-requisitions
Î“Ă¶ÂŁ Î“ĂąĂŻ /dashboard/store-snapshot
Î“Ă¶ÂŁ Î“ĂąĂŻ /dashboard/store-summary-report
Î“Ă¶ÂŁ Î“ĂąĂŻ /dashboard/system-settings
Î“Ă¶ÂŁ Î“ĂąĂŻ /dashboard/updates
Î“Ă¶ÂŁ Î“ĂąĂŻ /dashboard/user-accounts
Î“Ă¶ÂŁ Î“ĂąĂŻ /dashboard/user-approvals
Î“Ă¶ÂŁ Î“ĂąĂŻ /dashboard/user-device-allocation
Î“Ă¶ÂŁ Î“ĂąĂŻ /dashboard/users
Î“Ă¶ÂŁ Î“ĂąĂŻ /offline
Î“Ă¶ÂŁ Î“ĂąĂŻ /register
Î“Ă¶ÂŁ Î“ĂąĂŻ /setup-admin
Î“Ă¶Ă¶ Î“ĂąĂŻ /test-password-setup


â•žĂ† Proxy (Middleware)

Î“ĂąĂŻ  (Static)   prerendered as static content
â•žĂ†  (Dynamic)  server-rendered on demand

